<?xml version="1.0" encoding="UTF-8"?>
<!-- Generated by org.testng.reporters.JUnitReportReporter -->
<testsuite hostname="LakshikaN-450G7" name="tax.PostTax" tests="1" failures="0" timestamp="31 Aug 2022 07:20:13 GMT" time="0.969" errors="0">
  <testcase name="createTax" time="0.969" classname="tax.PostTax"/>
</testsuite> <!-- tax.PostTax -->
