<?xml version="1.0" encoding="UTF-8"?>
<!-- Generated by org.testng.reporters.JUnitReportReporter -->
<testsuite hostname="LakshikaN-450G7" name="tax.GetTax" tests="1" failures="0" timestamp="26 Aug 2022 11:24:17 GMT" time="0.671" errors="0">
  <testcase name="getAllTax" time="0.671" classname="tax.GetTax"/>
</testsuite> <!-- tax.GetTax -->
