<?xml version="1.0" encoding="UTF-8"?>
<!-- Generated by org.testng.reporters.JUnitReportReporter -->
<testsuite hostname="LakshikaN-450G7" name="base.BaseTest" tests="1" failures="0" timestamp="26 Aug 2022 09:48:11 GMT" time="3.439" errors="0">
  <testcase name="getAccessTokens" time="3.439" classname="base.BaseTest"/>
</testsuite> <!-- base.BaseTest -->
